
2012-07-10 09:11:42|orderid[372]|str[10001126856Buy10987654321123456789050.00CNYadmin(客客出品专业威客系统-测试余372charge-user_charge--0-372-01]|hmac[8ce7163c49daac25fbb9d64842287924]
2012-07-10 09:26:43|orderid[372]|str[10001126856Buy10987654321123456789050.00CNYadmin(客客出品专业威客系统-测试余372charge-user_charge--0-372-01]|hmac[8ce7163c49daac25fbb9d64842287924]
2012-07-10 09:26:51|orderid[372]|str[10001126856Buy10987654321123456789050.00CNYadmin(客客出品专业威客系统-测试余372charge-user_charge--0-372-01]|hmac[8ce7163c49daac25fbb9d64842287924]
2012-07-10 09:26:53|orderid[372]|str[10001126856Buy10987654321123456789050.00CNYadmin(客客出品专业威客系统-测试余372charge-user_charge--0-372-01]|hmac[8ce7163c49daac25fbb9d64842287924]
2012-07-10 09:27:32|orderid[372]|str[10001126856Buy10987654321123456789050.00CNYadmin(客客出品专业威客系统-测试余372charge-user_charge--0-372-02]|hmac[cec8d88e7dc7a8451d26e7f6d1a47e4e]
2012-07-10 10:17:19|orderid[372]|str[Buy10987654321123456789050.00CNYadmin(客客出品专业威客系统-测试余372charge-user_charge--0-372-01]|hmac[1c19ee00aeec5d8ddc1e5c4394561e4a]
2012-07-10 10:24:57|orderid[372]|str[10001126856Buy10987654321123456789050.00CNYadmin(客客出品专业威客系统-测试余372charge-user_charge--0-372-01]|hmac[8ce7163c49daac25fbb9d64842287924]
2012-07-10 10:29:02|orderid[372]|str[10001126856Buy10987654321123456789050.00CNYadmin(客客出品专业威客系统-测试余372charge-user_charge--0-372-02]|hmac[cec8d88e7dc7a8451d26e7f6d1a47e4e]
2012-07-10 10:32:19|orderid[372]|str[10001126856Buy10987654321123456789050.00CNYadmin(客客出品专业威客系统-测试余372charge-user_charge--0-372-01]|hmac[8ce7163c49daac25fbb9d64842287924]
2012-07-10 10:35:57|orderid[372]|str[10001126856Buy10987654321123456789050.00CNYadmin(客客出品专业威客系统-测试余372charge-user_charge--0-372-01]|hmac[8ce7163c49daac25fbb9d64842287924]
2012-07-10 10:38:00|orderid[372]|str[10001126856Buy10987654321123456789050.00CNYadmin(客客出品专业威客系统-测试余372charge-user_charge--0-372-01]|hmac[8ce7163c49daac25fbb9d64842287924]
2012-07-10 10:43:52|orderid[372]|str[10001126856Buy109876543211234567890500.00CNYadmin(客客出品专业威客系统-测试余372charge-user_charge-1-0-372-01]|hmac[85cbcfd0fe2b4cedda090518dbc6de18]
2012-07-10 10:44:25|orderid[372]|str[10001126856Buy109876543211234567890500.00CNYadmin(客客出品专业威客系统-测试余372charge-user_charge-1-0-372-01]|hmac[85cbcfd0fe2b4cedda090518dbc6de18]
2012-07-10 10:47:14|orderid[372]|str[10001126856Buy109876543211234567890500.00CNYadmin(客客出品专业威客系统-测试余372charge-user_charge-1-0-372-01]|hmac[85cbcfd0fe2b4cedda090518dbc6de18]
2012-07-10 10:49:53|orderid[375]|str[10001126856Buy10987654321123456789056.00CNYadmin(客客出品专业威客系统-测试余375charge-user_charge-1-0-375-01]|hmac[730209d7b7d92d179a33169b95d483d3]
2012-07-10 10:50:03|orderid[375]|str[10001126856Buy10987654321123456789056.00CNYadmin(客客出品专业威客系统-测试余375charge-user_charge-1-0-375-02]|hmac[33716c2272474abd8a67662a2278f25a]
2012-07-10 10:56:09|orderid[374]|str[10001126856Buy109876543211234567890512.00CNYphp1(客客出品专业威客系统-测试余额374charge-user_charge-5052-0-374-01]|hmac[01151fe78d468de1167ba93a19bf1ee0]
2012-07-10 10:59:15|orderid[376]|str[10001126856Buy109876543211234567890100.00CNYphp100(客客出品专业威客系统-测试376charge-user_charge-5057-0-376-01]|hmac[dc83b39857a0ad8f3789a9ad3cc1bc29]
2012-07-10 11:11:22|orderid[380]|str[10001126856Buy10987654321123456789078.00CNYphp100(客客出品专业威客系统-测试380charge-user_charge-5057-0-380-01]|hmac[9300e9c27001d0e1ade1e3e047247a4d]
2012-07-10 11:13:44|orderid[380]|str[10001126856Buy10987654321123456789078.00CNYphp100(客客出品专业威客系统-测试380charge-user_charge-5057-0-380-02]|hmac[46fdf0f9609213a9e7a55f75fec104b3]